<?xml version="1.0"?>
<testsuite name="Chrome 55.0.2883 (Linux 0.0.0)" package="" timestamp="2017-10-26T04:09:23" id="0" hostname="alin" tests="3" errors="0" failures="0" time="0.008">
  <properties>
    <property name="browser.fullName" value="Mozilla/5.0 (X11; Linux x86_64) AppleWebKit/537.36 (KHTML, like Gecko) Chrome/55.0.2883.87 Safari/537.36"/>
  </properties>
  <testcase name="navbar directive 测试" time="0.006" classname="Chrome_55_0_2883_(Linux_0_0_0).navbar"/>
  <testcase name="quickSort test quickSort1 test" time="0.002" classname="Chrome_55_0_2883_(Linux_0_0_0).quickSort test"/>
  <testcase name="quickSort test quickSort2 test" time="0" classname="Chrome_55_0_2883_(Linux_0_0_0).quickSort test"/>
  <system-out>
    <![CDATA[
]]>
  </system-out>
  <system-err/>
</testsuite>